INFO - 2023-02-03 00:07:07 --> Session: Class initialized using 'CodeIgniter\Session\Handlers\FileHandler' driver.
INFO - 2023-02-03 00:07:07 --> Session: Class initialized using 'CodeIgniter\Session\Handlers\FileHandler' driver.
INFO - 2023-02-03 00:07:23 --> Session: Class initialized using 'CodeIgniter\Session\Handlers\FileHandler' driver.
INFO - 2023-02-03 00:07:23 --> Session: Class initialized using 'CodeIgniter\Session\Handlers\FileHandler' driver.
INFO - 2023-02-03 00:07:38 --> Session: Class initialized using 'CodeIgniter\Session\Handlers\FileHandler' driver.
INFO - 2023-02-03 00:07:38 --> Session: Class initialized using 'CodeIgniter\Session\Handlers\FileHandler' driver.
INFO - 2023-02-03 14:56:32 --> Session: Class initialized using 'CodeIgniter\Session\Handlers\FileHandler' driver.
INFO - 2023-02-03 15:07:56 --> Session: Class initialized using 'CodeIgniter\Session\Handlers\FileHandler' driver.
ERROR - 2023-02-03 15:07:56 --> ErrorException: pg_query(): Query failed: ERROR:  invalid input syntax for type bigint: &quot;&quot;
LINE 1: SELECT fullname, phone FROM users where user_id = '' 
                                                          ^ in C:\xampp\htdocs\rekruitmen\system\Database\Postgre\Connection.php:147
Stack trace:
#0 [internal function]: CodeIgniter\Debug\Exceptions->errorHandler(2, 'pg_query(): Que...', 'C:\\xampp\\htdocs...', 147)
#1 C:\xampp\htdocs\rekruitmen\system\Database\Postgre\Connection.php(147): pg_query(Object(PgSql\Connection), 'SELECT fullname...')
#2 C:\xampp\htdocs\rekruitmen\system\Database\BaseConnection.php(691): CodeIgniter\Database\Postgre\Connection->execute('SELECT fullname...')
#3 C:\xampp\htdocs\rekruitmen\system\Database\BaseConnection.php(605): CodeIgniter\Database\BaseConnection->simpleQuery('SELECT fullname...')
#4 C:\xampp\htdocs\rekruitmen\app\Controllers\Biodata.php(16): CodeIgniter\Database\BaseConnection->query('SELECT fullname...')
#5 C:\xampp\htdocs\rekruitmen\system\CodeIgniter.php(934): App\Controllers\Biodata->profile()
#6 C:\xampp\htdocs\rekruitmen\system\CodeIgniter.php(499): CodeIgniter\CodeIgniter->runController(Object(App\Controllers\Biodata))
#7 C:\xampp\htdocs\rekruitmen\system\CodeIgniter.php(368): CodeIgniter\CodeIgniter->handleRequest(NULL, Object(Config\Cache), false)
#8 C:\xampp\htdocs\rekruitmen\public\index.php(67): CodeIgniter\CodeIgniter->run()
#9 C:\xampp\htdocs\rekruitmen\system\Commands\Server\rewrite.php(47): require_once('C:\\xampp\\htdocs...')
#10 {main}
CRITICAL - 2023-02-03 15:07:56 --> pg_query(): Query failed: ERROR:  invalid input syntax for type bigint: &quot;&quot;
LINE 1: SELECT fullname, phone FROM users where user_id = '' 
                                                          ^
in SYSTEMPATH\Database\BaseConnection.php on line 645.
 1 APPPATH\Controllers\Biodata.php(16): CodeIgniter\Database\BaseConnection->query('SELECT fullname, phone FROM users where user_id = \'\' ')
 2 SYSTEMPATH\CodeIgniter.php(934): App\Controllers\Biodata->profile()
 3 SYSTEMPATH\CodeIgniter.php(499): CodeIgniter\CodeIgniter->runController(Object(App\Controllers\Biodata))
 4 SYSTEMPATH\CodeIgniter.php(368): CodeIgniter\CodeIgniter->handleRequest(null, Object(Config\Cache), false)
 5 FCPATH\index.php(67): CodeIgniter\CodeIgniter->run()
 6 SYSTEMPATH\Commands\Server\rewrite.php(47): require_once('FCPATH\\index.php')
INFO - 2023-02-03 15:08:15 --> Session: Class initialized using 'CodeIgniter\Session\Handlers\FileHandler' driver.
INFO - 2023-02-03 15:08:26 --> Session: Class initialized using 'CodeIgniter\Session\Handlers\FileHandler' driver.
INFO - 2023-02-03 15:08:26 --> Session: Class initialized using 'CodeIgniter\Session\Handlers\FileHandler' driver.
INFO - 2023-02-03 15:08:57 --> Session: Class initialized using 'CodeIgniter\Session\Handlers\FileHandler' driver.
CRITICAL - 2023-02-03 15:08:57 --> Invalid file: "pelamar.profile"
in SYSTEMPATH\Exceptions\FrameworkException.php on line 33.
 1 SYSTEMPATH\View\View.php(201): CodeIgniter\Exceptions\FrameworkException::forInvalidFile('pelamar.profile')
 2 SYSTEMPATH\Common.php(1177): CodeIgniter\View\View->render('pelamar.profile', [], true)
 3 APPPATH\Controllers\Biodata.php(17): view('pelamar.profile', [...])
 4 SYSTEMPATH\CodeIgniter.php(934): App\Controllers\Biodata->profile()
 5 SYSTEMPATH\CodeIgniter.php(499): CodeIgniter\CodeIgniter->runController(Object(App\Controllers\Biodata))
 6 SYSTEMPATH\CodeIgniter.php(368): CodeIgniter\CodeIgniter->handleRequest(null, Object(Config\Cache), false)
 7 FCPATH\index.php(67): CodeIgniter\CodeIgniter->run()
 8 SYSTEMPATH\Commands\Server\rewrite.php(47): require_once('FCPATH\\index.php')
INFO - 2023-02-03 15:11:32 --> Session: Class initialized using 'CodeIgniter\Session\Handlers\FileHandler' driver.
INFO - 2023-02-03 15:13:49 --> Session: Class initialized using 'CodeIgniter\Session\Handlers\FileHandler' driver.
INFO - 2023-02-03 15:14:07 --> Session: Class initialized using 'CodeIgniter\Session\Handlers\FileHandler' driver.
INFO - 2023-02-03 15:15:30 --> Session: Class initialized using 'CodeIgniter\Session\Handlers\FileHandler' driver.
INFO - 2023-02-03 15:17:26 --> Session: Class initialized using 'CodeIgniter\Session\Handlers\FileHandler' driver.
INFO - 2023-02-03 15:20:46 --> Session: Class initialized using 'CodeIgniter\Session\Handlers\FileHandler' driver.
CRITICAL - 2023-02-03 15:20:46 --> Undefined variable $users
in APPPATH\Views\pelamar\profile.php on line 4.
 1 APPPATH\Views\pelamar\profile.php(4): CodeIgniter\Debug\Exceptions->errorHandler(2, 'Undefined variable $users', 'APPPATH\\Views\\pelamar\\profile.php', 4)
 2 SYSTEMPATH\View\View.php(213): include('APPPATH\\Views\\pelamar\\profile.php')
 3 SYSTEMPATH\View\View.php(216): CodeIgniter\View\View->CodeIgniter\View\{closure}()
 4 SYSTEMPATH\Common.php(1177): CodeIgniter\View\View->render('pelamar/profile', [], true)
 5 APPPATH\Controllers\Biodata.php(17): view('pelamar/profile', [...])
 6 SYSTEMPATH\CodeIgniter.php(934): App\Controllers\Biodata->profile()
 7 SYSTEMPATH\CodeIgniter.php(499): CodeIgniter\CodeIgniter->runController(Object(App\Controllers\Biodata))
 8 SYSTEMPATH\CodeIgniter.php(368): CodeIgniter\CodeIgniter->handleRequest(null, Object(Config\Cache), false)
 9 FCPATH\index.php(67): CodeIgniter\CodeIgniter->run()
10 SYSTEMPATH\Commands\Server\rewrite.php(47): require_once('FCPATH\\index.php')
INFO - 2023-02-03 15:24:41 --> Session: Class initialized using 'CodeIgniter\Session\Handlers\FileHandler' driver.
CRITICAL - 2023-02-03 15:24:41 --> Undefined variable $fullname
in APPPATH\Views\pelamar\profile.php on line 10.
 1 APPPATH\Views\pelamar\profile.php(10): CodeIgniter\Debug\Exceptions->errorHandler(2, 'Undefined variable $fullname', 'APPPATH\\Views\\pelamar\\profile.php', 10)
 2 SYSTEMPATH\View\View.php(213): include('APPPATH\\Views\\pelamar\\profile.php')
 3 SYSTEMPATH\View\View.php(216): CodeIgniter\View\View->CodeIgniter\View\{closure}()
 4 SYSTEMPATH\Common.php(1177): CodeIgniter\View\View->render('pelamar/profile', [], true)
 5 APPPATH\Controllers\Biodata.php(17): view('pelamar/profile', [...])
 6 SYSTEMPATH\CodeIgniter.php(934): App\Controllers\Biodata->profile()
 7 SYSTEMPATH\CodeIgniter.php(499): CodeIgniter\CodeIgniter->runController(Object(App\Controllers\Biodata))
 8 SYSTEMPATH\CodeIgniter.php(368): CodeIgniter\CodeIgniter->handleRequest(null, Object(Config\Cache), false)
 9 FCPATH\index.php(67): CodeIgniter\CodeIgniter->run()
10 SYSTEMPATH\Commands\Server\rewrite.php(47): require_once('FCPATH\\index.php')
INFO - 2023-02-03 15:25:05 --> Session: Class initialized using 'CodeIgniter\Session\Handlers\FileHandler' driver.
CRITICAL - 2023-02-03 15:25:05 --> Undefined variable $value
in APPPATH\Views\pelamar\profile.php on line 10.
 1 APPPATH\Views\pelamar\profile.php(10): CodeIgniter\Debug\Exceptions->errorHandler(2, 'Undefined variable $value', 'APPPATH\\Views\\pelamar\\profile.php', 10)
 2 SYSTEMPATH\View\View.php(213): include('APPPATH\\Views\\pelamar\\profile.php')
 3 SYSTEMPATH\View\View.php(216): CodeIgniter\View\View->CodeIgniter\View\{closure}()
 4 SYSTEMPATH\Common.php(1177): CodeIgniter\View\View->render('pelamar/profile', [], true)
 5 APPPATH\Controllers\Biodata.php(17): view('pelamar/profile', [...])
 6 SYSTEMPATH\CodeIgniter.php(934): App\Controllers\Biodata->profile()
 7 SYSTEMPATH\CodeIgniter.php(499): CodeIgniter\CodeIgniter->runController(Object(App\Controllers\Biodata))
 8 SYSTEMPATH\CodeIgniter.php(368): CodeIgniter\CodeIgniter->handleRequest(null, Object(Config\Cache), false)
 9 FCPATH\index.php(67): CodeIgniter\CodeIgniter->run()
10 SYSTEMPATH\Commands\Server\rewrite.php(47): require_once('FCPATH\\index.php')
INFO - 2023-02-03 15:25:27 --> Session: Class initialized using 'CodeIgniter\Session\Handlers\FileHandler' driver.
CRITICAL - 2023-02-03 15:25:27 --> Undefined variable $users
in APPPATH\Views\pelamar\profile.php on line 10.
 1 APPPATH\Views\pelamar\profile.php(10): CodeIgniter\Debug\Exceptions->errorHandler(2, 'Undefined variable $users', 'APPPATH\\Views\\pelamar\\profile.php', 10)
 2 SYSTEMPATH\View\View.php(213): include('APPPATH\\Views\\pelamar\\profile.php')
 3 SYSTEMPATH\View\View.php(216): CodeIgniter\View\View->CodeIgniter\View\{closure}()
 4 SYSTEMPATH\Common.php(1177): CodeIgniter\View\View->render('pelamar/profile', [], true)
 5 APPPATH\Controllers\Biodata.php(17): view('pelamar/profile', [...])
 6 SYSTEMPATH\CodeIgniter.php(934): App\Controllers\Biodata->profile()
 7 SYSTEMPATH\CodeIgniter.php(499): CodeIgniter\CodeIgniter->runController(Object(App\Controllers\Biodata))
 8 SYSTEMPATH\CodeIgniter.php(368): CodeIgniter\CodeIgniter->handleRequest(null, Object(Config\Cache), false)
 9 FCPATH\index.php(67): CodeIgniter\CodeIgniter->run()
10 SYSTEMPATH\Commands\Server\rewrite.php(47): require_once('FCPATH\\index.php')
INFO - 2023-02-03 15:25:54 --> Session: Class initialized using 'CodeIgniter\Session\Handlers\FileHandler' driver.
CRITICAL - 2023-02-03 15:25:54 --> Undefined variable $users
in APPPATH\Views\pelamar\profile.php on line 10.
 1 APPPATH\Views\pelamar\profile.php(10): CodeIgniter\Debug\Exceptions->errorHandler(2, 'Undefined variable $users', 'APPPATH\\Views\\pelamar\\profile.php', 10)
 2 SYSTEMPATH\View\View.php(213): include('APPPATH\\Views\\pelamar\\profile.php')
 3 SYSTEMPATH\View\View.php(216): CodeIgniter\View\View->CodeIgniter\View\{closure}()
 4 SYSTEMPATH\Common.php(1177): CodeIgniter\View\View->render('pelamar/profile', [], true)
 5 APPPATH\Controllers\Biodata.php(17): view('pelamar/profile', [...])
 6 SYSTEMPATH\CodeIgniter.php(934): App\Controllers\Biodata->profile()
 7 SYSTEMPATH\CodeIgniter.php(499): CodeIgniter\CodeIgniter->runController(Object(App\Controllers\Biodata))
 8 SYSTEMPATH\CodeIgniter.php(368): CodeIgniter\CodeIgniter->handleRequest(null, Object(Config\Cache), false)
 9 FCPATH\index.php(67): CodeIgniter\CodeIgniter->run()
10 SYSTEMPATH\Commands\Server\rewrite.php(47): require_once('FCPATH\\index.php')
INFO - 2023-02-03 15:27:03 --> Session: Class initialized using 'CodeIgniter\Session\Handlers\FileHandler' driver.
CRITICAL - 2023-02-03 15:27:03 --> Undefined variable $users
in APPPATH\Views\pelamar\profile.php on line 3.
 1 APPPATH\Views\pelamar\profile.php(3): CodeIgniter\Debug\Exceptions->errorHandler(2, 'Undefined variable $users', 'APPPATH\\Views\\pelamar\\profile.php', 3)
 2 SYSTEMPATH\View\View.php(213): include('APPPATH\\Views\\pelamar\\profile.php')
 3 SYSTEMPATH\View\View.php(216): CodeIgniter\View\View->CodeIgniter\View\{closure}()
 4 SYSTEMPATH\Common.php(1177): CodeIgniter\View\View->render('pelamar/profile', [], true)
 5 APPPATH\Controllers\Biodata.php(17): view('pelamar/profile', [...])
 6 SYSTEMPATH\CodeIgniter.php(934): App\Controllers\Biodata->profile()
 7 SYSTEMPATH\CodeIgniter.php(499): CodeIgniter\CodeIgniter->runController(Object(App\Controllers\Biodata))
 8 SYSTEMPATH\CodeIgniter.php(368): CodeIgniter\CodeIgniter->handleRequest(null, Object(Config\Cache), false)
 9 FCPATH\index.php(67): CodeIgniter\CodeIgniter->run()
10 SYSTEMPATH\Commands\Server\rewrite.php(47): require_once('FCPATH\\index.php')
INFO - 2023-02-03 15:27:42 --> Session: Class initialized using 'CodeIgniter\Session\Handlers\FileHandler' driver.
INFO - 2023-02-03 15:28:06 --> Session: Class initialized using 'CodeIgniter\Session\Handlers\FileHandler' driver.
CRITICAL - 2023-02-03 15:28:06 --> view(): Argument #2 ($data) must be of type array, stdClass given, called in C:\xampp\htdocs\rekruitmen\app\Controllers\Biodata.php on line 18
in SYSTEMPATH\Common.php on line 1163.
 1 APPPATH\Controllers\Biodata.php(18): view('pelamar/profile', Object(stdClass))
 2 SYSTEMPATH\CodeIgniter.php(934): App\Controllers\Biodata->profile()
 3 SYSTEMPATH\CodeIgniter.php(499): CodeIgniter\CodeIgniter->runController(Object(App\Controllers\Biodata))
 4 SYSTEMPATH\CodeIgniter.php(368): CodeIgniter\CodeIgniter->handleRequest(null, Object(Config\Cache), false)
 5 FCPATH\index.php(67): CodeIgniter\CodeIgniter->run()
 6 SYSTEMPATH\Commands\Server\rewrite.php(47): require_once('FCPATH\\index.php')
INFO - 2023-02-03 15:28:33 --> Session: Class initialized using 'CodeIgniter\Session\Handlers\FileHandler' driver.
CRITICAL - 2023-02-03 15:28:33 --> Object of class stdClass could not be converted to string
in APPPATH\Controllers\Biodata.php on line 18.
 1 SYSTEMPATH\CodeIgniter.php(934): App\Controllers\Biodata->profile()
 2 SYSTEMPATH\CodeIgniter.php(499): CodeIgniter\CodeIgniter->runController(Object(App\Controllers\Biodata))
 3 SYSTEMPATH\CodeIgniter.php(368): CodeIgniter\CodeIgniter->handleRequest(null, Object(Config\Cache), false)
 4 FCPATH\index.php(67): CodeIgniter\CodeIgniter->run()
 5 SYSTEMPATH\Commands\Server\rewrite.php(47): require_once('FCPATH\\index.php')
INFO - 2023-02-03 15:29:14 --> Session: Class initialized using 'CodeIgniter\Session\Handlers\FileHandler' driver.
CRITICAL - 2023-02-03 15:29:14 --> Undefined variable $users
in APPPATH\Views\pelamar\profile.php on line 3.
 1 APPPATH\Views\pelamar\profile.php(3): CodeIgniter\Debug\Exceptions->errorHandler(2, 'Undefined variable $users', 'APPPATH\\Views\\pelamar\\profile.php', 3)
 2 SYSTEMPATH\View\View.php(213): include('APPPATH\\Views\\pelamar\\profile.php')
 3 SYSTEMPATH\View\View.php(216): CodeIgniter\View\View->CodeIgniter\View\{closure}()
 4 SYSTEMPATH\Common.php(1177): CodeIgniter\View\View->render('pelamar/profile', [], true)
 5 APPPATH\Controllers\Biodata.php(21): view('pelamar/profile', [...])
 6 SYSTEMPATH\CodeIgniter.php(934): App\Controllers\Biodata->profile()
 7 SYSTEMPATH\CodeIgniter.php(499): CodeIgniter\CodeIgniter->runController(Object(App\Controllers\Biodata))
 8 SYSTEMPATH\CodeIgniter.php(368): CodeIgniter\CodeIgniter->handleRequest(null, Object(Config\Cache), false)
 9 FCPATH\index.php(67): CodeIgniter\CodeIgniter->run()
10 SYSTEMPATH\Commands\Server\rewrite.php(47): require_once('FCPATH\\index.php')
INFO - 2023-02-03 15:29:51 --> Session: Class initialized using 'CodeIgniter\Session\Handlers\FileHandler' driver.
CRITICAL - 2023-02-03 15:29:51 --> Undefined variable $users
in APPPATH\Views\pelamar\profile.php on line 3.
 1 APPPATH\Views\pelamar\profile.php(3): CodeIgniter\Debug\Exceptions->errorHandler(2, 'Undefined variable $users', 'APPPATH\\Views\\pelamar\\profile.php', 3)
 2 SYSTEMPATH\View\View.php(213): include('APPPATH\\Views\\pelamar\\profile.php')
 3 SYSTEMPATH\View\View.php(216): CodeIgniter\View\View->CodeIgniter\View\{closure}()
 4 SYSTEMPATH\Common.php(1177): CodeIgniter\View\View->render('pelamar/profile', [], true)
 5 APPPATH\Controllers\Biodata.php(21): view('pelamar/profile', [...])
 6 SYSTEMPATH\CodeIgniter.php(934): App\Controllers\Biodata->profile()
 7 SYSTEMPATH\CodeIgniter.php(499): CodeIgniter\CodeIgniter->runController(Object(App\Controllers\Biodata))
 8 SYSTEMPATH\CodeIgniter.php(368): CodeIgniter\CodeIgniter->handleRequest(null, Object(Config\Cache), false)
 9 FCPATH\index.php(67): CodeIgniter\CodeIgniter->run()
10 SYSTEMPATH\Commands\Server\rewrite.php(47): require_once('FCPATH\\index.php')
INFO - 2023-02-03 15:30:32 --> Session: Class initialized using 'CodeIgniter\Session\Handlers\FileHandler' driver.
CRITICAL - 2023-02-03 15:30:32 --> Undefined variable $users
in APPPATH\Views\pelamar\profile.php on line 3.
 1 APPPATH\Views\pelamar\profile.php(3): CodeIgniter\Debug\Exceptions->errorHandler(2, 'Undefined variable $users', 'APPPATH\\Views\\pelamar\\profile.php', 3)
 2 SYSTEMPATH\View\View.php(213): include('APPPATH\\Views\\pelamar\\profile.php')
 3 SYSTEMPATH\View\View.php(216): CodeIgniter\View\View->CodeIgniter\View\{closure}()
 4 SYSTEMPATH\Common.php(1177): CodeIgniter\View\View->render('pelamar/profile', [], true)
 5 APPPATH\Controllers\Biodata.php(21): view('pelamar/profile', [...])
 6 SYSTEMPATH\CodeIgniter.php(934): App\Controllers\Biodata->profile()
 7 SYSTEMPATH\CodeIgniter.php(499): CodeIgniter\CodeIgniter->runController(Object(App\Controllers\Biodata))
 8 SYSTEMPATH\CodeIgniter.php(368): CodeIgniter\CodeIgniter->handleRequest(null, Object(Config\Cache), false)
 9 FCPATH\index.php(67): CodeIgniter\CodeIgniter->run()
10 SYSTEMPATH\Commands\Server\rewrite.php(47): require_once('FCPATH\\index.php')
INFO - 2023-02-03 15:31:44 --> Session: Class initialized using 'CodeIgniter\Session\Handlers\FileHandler' driver.
INFO - 2023-02-03 15:40:01 --> Session: Class initialized using 'CodeIgniter\Session\Handlers\FileHandler' driver.
CRITICAL - 2023-02-03 15:40:01 --> view(): Argument #2 ($data) must be of type array, stdClass given, called in C:\xampp\htdocs\rekruitmen\app\Controllers\Biodata.php on line 27
in SYSTEMPATH\Common.php on line 1163.
 1 APPPATH\Controllers\Biodata.php(27): view('pelamar/profile', Object(stdClass))
 2 SYSTEMPATH\CodeIgniter.php(934): App\Controllers\Biodata->profile()
 3 SYSTEMPATH\CodeIgniter.php(499): CodeIgniter\CodeIgniter->runController(Object(App\Controllers\Biodata))
 4 SYSTEMPATH\CodeIgniter.php(368): CodeIgniter\CodeIgniter->handleRequest(null, Object(Config\Cache), false)
 5 FCPATH\index.php(67): CodeIgniter\CodeIgniter->run()
 6 SYSTEMPATH\Commands\Server\rewrite.php(47): require_once('FCPATH\\index.php')
INFO - 2023-02-03 15:40:21 --> Session: Class initialized using 'CodeIgniter\Session\Handlers\FileHandler' driver.
CRITICAL - 2023-02-03 15:40:21 --> Object of class stdClass could not be converted to string
in APPPATH\Controllers\Biodata.php on line 27.
 1 SYSTEMPATH\CodeIgniter.php(934): App\Controllers\Biodata->profile()
 2 SYSTEMPATH\CodeIgniter.php(499): CodeIgniter\CodeIgniter->runController(Object(App\Controllers\Biodata))
 3 SYSTEMPATH\CodeIgniter.php(368): CodeIgniter\CodeIgniter->handleRequest(null, Object(Config\Cache), false)
 4 FCPATH\index.php(67): CodeIgniter\CodeIgniter->run()
 5 SYSTEMPATH\Commands\Server\rewrite.php(47): require_once('FCPATH\\index.php')
INFO - 2023-02-03 15:40:48 --> Session: Class initialized using 'CodeIgniter\Session\Handlers\FileHandler' driver.
INFO - 2023-02-03 15:42:42 --> Session: Class initialized using 'CodeIgniter\Session\Handlers\FileHandler' driver.
CRITICAL - 2023-02-03 15:42:43 --> Array to string conversion
in APPPATH\Controllers\Biodata.php on line 27.
 1 APPPATH\Controllers\Biodata.php(27): CodeIgniter\Debug\Exceptions->errorHandler(2, 'Array to string conversion', 'APPPATH\\Controllers\\Biodata.php', 27)
 2 SYSTEMPATH\CodeIgniter.php(934): App\Controllers\Biodata->profile()
 3 SYSTEMPATH\CodeIgniter.php(499): CodeIgniter\CodeIgniter->runController(Object(App\Controllers\Biodata))
 4 SYSTEMPATH\CodeIgniter.php(368): CodeIgniter\CodeIgniter->handleRequest(null, Object(Config\Cache), false)
 5 FCPATH\index.php(67): CodeIgniter\CodeIgniter->run()
 6 SYSTEMPATH\Commands\Server\rewrite.php(47): require_once('FCPATH\\index.php')
INFO - 2023-02-03 15:42:56 --> Session: Class initialized using 'CodeIgniter\Session\Handlers\FileHandler' driver.
INFO - 2023-02-03 15:43:08 --> Session: Class initialized using 'CodeIgniter\Session\Handlers\FileHandler' driver.
CRITICAL - 2023-02-03 15:43:08 --> Undefined variable $title
in APPPATH\Views\pelamar\profile.php on line 10.
 1 APPPATH\Views\pelamar\profile.php(10): CodeIgniter\Debug\Exceptions->errorHandler(2, 'Undefined variable $title', 'APPPATH\\Views\\pelamar\\profile.php', 10)
 2 SYSTEMPATH\View\View.php(213): include('APPPATH\\Views\\pelamar\\profile.php')
 3 SYSTEMPATH\View\View.php(216): CodeIgniter\View\View->CodeIgniter\View\{closure}()
 4 SYSTEMPATH\Common.php(1177): CodeIgniter\View\View->render('pelamar/profile', [], true)
 5 APPPATH\Controllers\Biodata.php(28): view('pelamar/profile', [...])
 6 SYSTEMPATH\CodeIgniter.php(934): App\Controllers\Biodata->profile()
 7 SYSTEMPATH\CodeIgniter.php(499): CodeIgniter\CodeIgniter->runController(Object(App\Controllers\Biodata))
 8 SYSTEMPATH\CodeIgniter.php(368): CodeIgniter\CodeIgniter->handleRequest(null, Object(Config\Cache), false)
 9 FCPATH\index.php(67): CodeIgniter\CodeIgniter->run()
10 SYSTEMPATH\Commands\Server\rewrite.php(47): require_once('FCPATH\\index.php')
INFO - 2023-02-03 15:43:43 --> Session: Class initialized using 'CodeIgniter\Session\Handlers\FileHandler' driver.
CRITICAL - 2023-02-03 15:43:43 --> Undefined variable $phone
in APPPATH\Views\pelamar\profile.php on line 10.
 1 APPPATH\Views\pelamar\profile.php(10): CodeIgniter\Debug\Exceptions->errorHandler(2, 'Undefined variable $phone', 'APPPATH\\Views\\pelamar\\profile.php', 10)
 2 SYSTEMPATH\View\View.php(213): include('APPPATH\\Views\\pelamar\\profile.php')
 3 SYSTEMPATH\View\View.php(216): CodeIgniter\View\View->CodeIgniter\View\{closure}()
 4 SYSTEMPATH\Common.php(1177): CodeIgniter\View\View->render('pelamar/profile', [], true)
 5 APPPATH\Controllers\Biodata.php(28): view('pelamar/profile', [...])
 6 SYSTEMPATH\CodeIgniter.php(934): App\Controllers\Biodata->profile()
 7 SYSTEMPATH\CodeIgniter.php(499): CodeIgniter\CodeIgniter->runController(Object(App\Controllers\Biodata))
 8 SYSTEMPATH\CodeIgniter.php(368): CodeIgniter\CodeIgniter->handleRequest(null, Object(Config\Cache), false)
 9 FCPATH\index.php(67): CodeIgniter\CodeIgniter->run()
10 SYSTEMPATH\Commands\Server\rewrite.php(47): require_once('FCPATH\\index.php')
INFO - 2023-02-03 15:44:09 --> Session: Class initialized using 'CodeIgniter\Session\Handlers\FileHandler' driver.
INFO - 2023-02-03 15:44:34 --> Session: Class initialized using 'CodeIgniter\Session\Handlers\FileHandler' driver.
INFO - 2023-02-03 15:44:45 --> Session: Class initialized using 'CodeIgniter\Session\Handlers\FileHandler' driver.
CRITICAL - 2023-02-03 15:44:45 --> view(): Argument #2 ($data) must be of type array, stdClass given, called in C:\xampp\htdocs\rekruitmen\app\Controllers\Biodata.php on line 28
in SYSTEMPATH\Common.php on line 1163.
 1 APPPATH\Controllers\Biodata.php(28): view('pelamar/profile', Object(stdClass))
 2 SYSTEMPATH\CodeIgniter.php(934): App\Controllers\Biodata->profile()
 3 SYSTEMPATH\CodeIgniter.php(499): CodeIgniter\CodeIgniter->runController(Object(App\Controllers\Biodata))
 4 SYSTEMPATH\CodeIgniter.php(368): CodeIgniter\CodeIgniter->handleRequest(null, Object(Config\Cache), false)
 5 FCPATH\index.php(67): CodeIgniter\CodeIgniter->run()
 6 SYSTEMPATH\Commands\Server\rewrite.php(47): require_once('FCPATH\\index.php')
INFO - 2023-02-03 15:45:32 --> Session: Class initialized using 'CodeIgniter\Session\Handlers\FileHandler' driver.
CRITICAL - 2023-02-03 15:45:32 --> view(): Argument #2 ($data) must be of type array, stdClass given, called in C:\xampp\htdocs\rekruitmen\app\Controllers\Biodata.php on line 28
in SYSTEMPATH\Common.php on line 1163.
 1 APPPATH\Controllers\Biodata.php(28): view('pelamar/profile', Object(stdClass))
 2 SYSTEMPATH\CodeIgniter.php(934): App\Controllers\Biodata->profile()
 3 SYSTEMPATH\CodeIgniter.php(499): CodeIgniter\CodeIgniter->runController(Object(App\Controllers\Biodata))
 4 SYSTEMPATH\CodeIgniter.php(368): CodeIgniter\CodeIgniter->handleRequest(null, Object(Config\Cache), false)
 5 FCPATH\index.php(67): CodeIgniter\CodeIgniter->run()
 6 SYSTEMPATH\Commands\Server\rewrite.php(47): require_once('FCPATH\\index.php')
INFO - 2023-02-03 15:46:48 --> Session: Class initialized using 'CodeIgniter\Session\Handlers\FileHandler' driver.
INFO - 2023-02-03 15:46:53 --> Session: Class initialized using 'CodeIgniter\Session\Handlers\FileHandler' driver.
CRITICAL - 2023-02-03 15:46:53 --> view(): Argument #2 ($data) must be of type array, stdClass given, called in C:\xampp\htdocs\rekruitmen\app\Controllers\Biodata.php on line 28
in SYSTEMPATH\Common.php on line 1163.
 1 APPPATH\Controllers\Biodata.php(28): view('pelamar/profile', Object(stdClass))
 2 SYSTEMPATH\CodeIgniter.php(934): App\Controllers\Biodata->profile()
 3 SYSTEMPATH\CodeIgniter.php(499): CodeIgniter\CodeIgniter->runController(Object(App\Controllers\Biodata))
 4 SYSTEMPATH\CodeIgniter.php(368): CodeIgniter\CodeIgniter->handleRequest(null, Object(Config\Cache), false)
 5 FCPATH\index.php(67): CodeIgniter\CodeIgniter->run()
 6 SYSTEMPATH\Commands\Server\rewrite.php(47): require_once('FCPATH\\index.php')
INFO - 2023-02-03 15:47:45 --> Session: Class initialized using 'CodeIgniter\Session\Handlers\FileHandler' driver.
INFO - 2023-02-03 15:48:01 --> Session: Class initialized using 'CodeIgniter\Session\Handlers\FileHandler' driver.
CRITICAL - 2023-02-03 15:48:02 --> Attempt to read property "phone" on array
in APPPATH\Controllers\Biodata.php on line 27.
 1 APPPATH\Controllers\Biodata.php(27): CodeIgniter\Debug\Exceptions->errorHandler(2, 'Attempt to read property "phone" on array', 'APPPATH\\Controllers\\Biodata.php', 27)
 2 SYSTEMPATH\CodeIgniter.php(934): App\Controllers\Biodata->profile()
 3 SYSTEMPATH\CodeIgniter.php(499): CodeIgniter\CodeIgniter->runController(Object(App\Controllers\Biodata))
 4 SYSTEMPATH\CodeIgniter.php(368): CodeIgniter\CodeIgniter->handleRequest(null, Object(Config\Cache), false)
 5 FCPATH\index.php(67): CodeIgniter\CodeIgniter->run()
 6 SYSTEMPATH\Commands\Server\rewrite.php(47): require_once('FCPATH\\index.php')
INFO - 2023-02-03 15:48:08 --> Session: Class initialized using 'CodeIgniter\Session\Handlers\FileHandler' driver.
INFO - 2023-02-03 15:48:23 --> Session: Class initialized using 'CodeIgniter\Session\Handlers\FileHandler' driver.
INFO - 2023-02-03 15:50:28 --> Session: Class initialized using 'CodeIgniter\Session\Handlers\FileHandler' driver.
INFO - 2023-02-03 15:50:46 --> Session: Class initialized using 'CodeIgniter\Session\Handlers\FileHandler' driver.
INFO - 2023-02-03 15:52:03 --> Session: Class initialized using 'CodeIgniter\Session\Handlers\FileHandler' driver.
