INFO - 2023-02-07 00:13:36 --> Session: Class initialized using 'CodeIgniter\Session\Handlers\FileHandler' driver.
CRITICAL - 2023-02-07 00:13:56 --> Undefined array key "file"
in APPPATH\Controllers\Biodata.php on line 99.
 1 APPPATH\Controllers\Biodata.php(99): CodeIgniter\Debug\Exceptions->errorHandler(2, 'Undefined array key "file"', 'APPPATH\\Controllers\\Biodata.php', 99)
 2 SYSTEMPATH\CodeIgniter.php(934): App\Controllers\Biodata->add_pendidikan()
 3 SYSTEMPATH\CodeIgniter.php(499): CodeIgniter\CodeIgniter->runController(Object(App\Controllers\Biodata))
 4 SYSTEMPATH\CodeIgniter.php(368): CodeIgniter\CodeIgniter->handleRequest(null, Object(Config\Cache), false)
 5 FCPATH\index.php(67): CodeIgniter\CodeIgniter->run()
 6 SYSTEMPATH\Commands\Server\rewrite.php(47): require_once('FCPATH\\index.php')
INFO - 2023-02-07 00:15:02 --> Session: Class initialized using 'CodeIgniter\Session\Handlers\FileHandler' driver.
INFO - 2023-02-07 00:15:04 --> Session: Class initialized using 'CodeIgniter\Session\Handlers\FileHandler' driver.
CRITICAL - 2023-02-07 00:15:21 --> Undefined array key "file"
in APPPATH\Controllers\Biodata.php on line 99.
 1 APPPATH\Controllers\Biodata.php(99): CodeIgniter\Debug\Exceptions->errorHandler(2, 'Undefined array key "file"', 'APPPATH\\Controllers\\Biodata.php', 99)
 2 SYSTEMPATH\CodeIgniter.php(934): App\Controllers\Biodata->add_pendidikan()
 3 SYSTEMPATH\CodeIgniter.php(499): CodeIgniter\CodeIgniter->runController(Object(App\Controllers\Biodata))
 4 SYSTEMPATH\CodeIgniter.php(368): CodeIgniter\CodeIgniter->handleRequest(null, Object(Config\Cache), false)
 5 FCPATH\index.php(67): CodeIgniter\CodeIgniter->run()
 6 SYSTEMPATH\Commands\Server\rewrite.php(47): require_once('FCPATH\\index.php')
CRITICAL - 2023-02-07 00:15:54 --> Undefined array key "file"
in APPPATH\Controllers\Biodata.php on line 99.
 1 APPPATH\Controllers\Biodata.php(99): CodeIgniter\Debug\Exceptions->errorHandler(2, 'Undefined array key "file"', 'APPPATH\\Controllers\\Biodata.php', 99)
 2 SYSTEMPATH\CodeIgniter.php(934): App\Controllers\Biodata->add_pendidikan()
 3 SYSTEMPATH\CodeIgniter.php(499): CodeIgniter\CodeIgniter->runController(Object(App\Controllers\Biodata))
 4 SYSTEMPATH\CodeIgniter.php(368): CodeIgniter\CodeIgniter->handleRequest(null, Object(Config\Cache), false)
 5 FCPATH\index.php(67): CodeIgniter\CodeIgniter->run()
 6 SYSTEMPATH\Commands\Server\rewrite.php(47): require_once('FCPATH\\index.php')
CRITICAL - 2023-02-07 00:16:32 --> move_uploaded_file(file_ijazah/1675728992Adkon-Aps (1).xlsx): Failed to open stream: No such file or directory
in APPPATH\Controllers\Biodata.php on line 101.
 1 [internal function]: CodeIgniter\Debug\Exceptions->errorHandler(2, 'move_uploaded_file(file_ijazah/1675728992Adkon-Aps (1).xlsx): Failed to open stream: No such file or directory', 'APPPATH\\Controllers\\Biodata.php', 101)
 2 APPPATH\Controllers\Biodata.php(101): move_uploaded_file('C:\\xampp\\tmp\\php5520.tmp', 'file_ijazah/1675728992Adkon-Aps (1).xlsx')
 3 SYSTEMPATH\CodeIgniter.php(934): App\Controllers\Biodata->add_pendidikan()
 4 SYSTEMPATH\CodeIgniter.php(499): CodeIgniter\CodeIgniter->runController(Object(App\Controllers\Biodata))
 5 SYSTEMPATH\CodeIgniter.php(368): CodeIgniter\CodeIgniter->handleRequest(null, Object(Config\Cache), false)
 6 FCPATH\index.php(67): CodeIgniter\CodeIgniter->run()
 7 SYSTEMPATH\Commands\Server\rewrite.php(47): require_once('FCPATH\\index.php')
INFO - 2023-02-07 00:17:30 --> Session: Class initialized using 'CodeIgniter\Session\Handlers\FileHandler' driver.
CRITICAL - 2023-02-07 00:17:49 --> move_uploaded_file(file_ijazah/1675729068Rencana Penambahan Fitur Aplikasi Employee Battery.pptx): Failed to open stream: No such file or directory
in APPPATH\Controllers\Biodata.php on line 101.
 1 [internal function]: CodeIgniter\Debug\Exceptions->errorHandler(2, 'move_uploaded_file(file_ijazah/1675729068Rencana Penambahan Fitur Aplikasi Employee Battery.pptx): Failed to open stream: No such file or directory', 'APPPATH\\Controllers\\Biodata.php', 101)
 2 APPPATH\Controllers\Biodata.php(101): move_uploaded_file('C:\\xampp\\tmp\\php7F0B.tmp', 'file_ijazah/1675729068Rencana Penambahan Fitur Aplikasi Employee Battery.pptx')
 3 SYSTEMPATH\CodeIgniter.php(934): App\Controllers\Biodata->add_pendidikan()
 4 SYSTEMPATH\CodeIgniter.php(499): CodeIgniter\CodeIgniter->runController(Object(App\Controllers\Biodata))
 5 SYSTEMPATH\CodeIgniter.php(368): CodeIgniter\CodeIgniter->handleRequest(null, Object(Config\Cache), false)
 6 FCPATH\index.php(67): CodeIgniter\CodeIgniter->run()
 7 SYSTEMPATH\Commands\Server\rewrite.php(47): require_once('FCPATH\\index.php')
CRITICAL - 2023-02-07 00:21:19 --> move_uploaded_file(/1675729279Rencana Penambahan Fitur Aplikasi Employee Battery.pptx): Failed to open stream: Permission denied
in APPPATH\Controllers\Biodata.php on line 102.
 1 [internal function]: CodeIgniter\Debug\Exceptions->errorHandler(2, 'move_uploaded_file(/1675729279Rencana Penambahan Fitur Aplikasi Employee Battery.pptx): Failed to open stream: Permission denied', 'APPPATH\\Controllers\\Biodata.php', 102)
 2 APPPATH\Controllers\Biodata.php(102): move_uploaded_file('C:\\xampp\\tmp\\phpB5AE.tmp', '/1675729279Rencana Penambahan Fitur Aplikasi Employee Battery.pptx')
 3 SYSTEMPATH\CodeIgniter.php(934): App\Controllers\Biodata->add_pendidikan()
 4 SYSTEMPATH\CodeIgniter.php(499): CodeIgniter\CodeIgniter->runController(Object(App\Controllers\Biodata))
 5 SYSTEMPATH\CodeIgniter.php(368): CodeIgniter\CodeIgniter->handleRequest(null, Object(Config\Cache), false)
 6 FCPATH\index.php(67): CodeIgniter\CodeIgniter->run()
 7 SYSTEMPATH\Commands\Server\rewrite.php(47): require_once('FCPATH\\index.php')
CRITICAL - 2023-02-07 00:21:43 --> Array callback must have exactly two elements
in APPPATH\Controllers\Biodata.php on line 104.
 1 SYSTEMPATH\CodeIgniter.php(934): App\Controllers\Biodata->add_pendidikan()
 2 SYSTEMPATH\CodeIgniter.php(499): CodeIgniter\CodeIgniter->runController(Object(App\Controllers\Biodata))
 3 SYSTEMPATH\CodeIgniter.php(368): CodeIgniter\CodeIgniter->handleRequest(null, Object(Config\Cache), false)
 4 FCPATH\index.php(67): CodeIgniter\CodeIgniter->run()
 5 SYSTEMPATH\Commands\Server\rewrite.php(47): require_once('FCPATH\\index.php')
CRITICAL - 2023-02-07 00:25:44 --> Array callback must have exactly two elements
in APPPATH\Controllers\Biodata.php on line 107.
 1 SYSTEMPATH\CodeIgniter.php(934): App\Controllers\Biodata->add_pendidikan()
 2 SYSTEMPATH\CodeIgniter.php(499): CodeIgniter\CodeIgniter->runController(Object(App\Controllers\Biodata))
 3 SYSTEMPATH\CodeIgniter.php(368): CodeIgniter\CodeIgniter->handleRequest(null, Object(Config\Cache), false)
 4 FCPATH\index.php(67): CodeIgniter\CodeIgniter->run()
 5 SYSTEMPATH\Commands\Server\rewrite.php(47): require_once('FCPATH\\index.php')
CRITICAL - 2023-02-07 00:26:07 --> Array callback must have exactly two elements
in APPPATH\Controllers\Biodata.php on line 107.
 1 SYSTEMPATH\CodeIgniter.php(934): App\Controllers\Biodata->add_pendidikan()
 2 SYSTEMPATH\CodeIgniter.php(499): CodeIgniter\CodeIgniter->runController(Object(App\Controllers\Biodata))
 3 SYSTEMPATH\CodeIgniter.php(368): CodeIgniter\CodeIgniter->handleRequest(null, Object(Config\Cache), false)
 4 FCPATH\index.php(67): CodeIgniter\CodeIgniter->run()
 5 SYSTEMPATH\Commands\Server\rewrite.php(47): require_once('FCPATH\\index.php')
CRITICAL - 2023-02-07 00:26:17 --> Array callback must have exactly two elements
in APPPATH\Controllers\Biodata.php on line 107.
 1 SYSTEMPATH\CodeIgniter.php(934): App\Controllers\Biodata->add_pendidikan()
 2 SYSTEMPATH\CodeIgniter.php(499): CodeIgniter\CodeIgniter->runController(Object(App\Controllers\Biodata))
 3 SYSTEMPATH\CodeIgniter.php(368): CodeIgniter\CodeIgniter->handleRequest(null, Object(Config\Cache), false)
 4 FCPATH\index.php(67): CodeIgniter\CodeIgniter->run()
 5 SYSTEMPATH\Commands\Server\rewrite.php(47): require_once('FCPATH\\index.php')
CRITICAL - 2023-02-07 00:26:57 --> Array callback must have exactly two elements
in APPPATH\Controllers\Biodata.php on line 105.
 1 SYSTEMPATH\CodeIgniter.php(934): App\Controllers\Biodata->add_pendidikan()
 2 SYSTEMPATH\CodeIgniter.php(499): CodeIgniter\CodeIgniter->runController(Object(App\Controllers\Biodata))
 3 SYSTEMPATH\CodeIgniter.php(368): CodeIgniter\CodeIgniter->handleRequest(null, Object(Config\Cache), false)
 4 FCPATH\index.php(67): CodeIgniter\CodeIgniter->run()
 5 SYSTEMPATH\Commands\Server\rewrite.php(47): require_once('FCPATH\\index.php')
CRITICAL - 2023-02-07 00:27:14 --> Array callback must have exactly two elements
in APPPATH\Controllers\Biodata.php on line 103.
 1 SYSTEMPATH\CodeIgniter.php(934): App\Controllers\Biodata->add_pendidikan()
 2 SYSTEMPATH\CodeIgniter.php(499): CodeIgniter\CodeIgniter->runController(Object(App\Controllers\Biodata))
 3 SYSTEMPATH\CodeIgniter.php(368): CodeIgniter\CodeIgniter->handleRequest(null, Object(Config\Cache), false)
 4 FCPATH\index.php(67): CodeIgniter\CodeIgniter->run()
 5 SYSTEMPATH\Commands\Server\rewrite.php(47): require_once('FCPATH\\index.php')
INFO - 2023-02-07 00:27:29 --> Session: Class initialized using 'CodeIgniter\Session\Handlers\FileHandler' driver.
CRITICAL - 2023-02-07 00:27:40 --> Array callback must have exactly two elements
in APPPATH\Controllers\Biodata.php on line 106.
 1 SYSTEMPATH\CodeIgniter.php(934): App\Controllers\Biodata->add_pendidikan()
 2 SYSTEMPATH\CodeIgniter.php(499): CodeIgniter\CodeIgniter->runController(Object(App\Controllers\Biodata))
 3 SYSTEMPATH\CodeIgniter.php(368): CodeIgniter\CodeIgniter->handleRequest(null, Object(Config\Cache), false)
 4 FCPATH\index.php(67): CodeIgniter\CodeIgniter->run()
 5 SYSTEMPATH\Commands\Server\rewrite.php(47): require_once('FCPATH\\index.php')
CRITICAL - 2023-02-07 00:28:01 --> Array callback must have exactly two elements
in APPPATH\Controllers\Biodata.php on line 106.
 1 SYSTEMPATH\CodeIgniter.php(934): App\Controllers\Biodata->add_pendidikan()
 2 SYSTEMPATH\CodeIgniter.php(499): CodeIgniter\CodeIgniter->runController(Object(App\Controllers\Biodata))
 3 SYSTEMPATH\CodeIgniter.php(368): CodeIgniter\CodeIgniter->handleRequest(null, Object(Config\Cache), false)
 4 FCPATH\index.php(67): CodeIgniter\CodeIgniter->run()
 5 SYSTEMPATH\Commands\Server\rewrite.php(47): require_once('FCPATH\\index.php')
CRITICAL - 2023-02-07 00:28:47 --> Undefined variable $result
in APPPATH\Controllers\Biodata.php on line 126.
 1 APPPATH\Controllers\Biodata.php(126): CodeIgniter\Debug\Exceptions->errorHandler(2, 'Undefined variable $result', 'APPPATH\\Controllers\\Biodata.php', 126)
 2 SYSTEMPATH\CodeIgniter.php(934): App\Controllers\Biodata->add_pendidikan()
 3 SYSTEMPATH\CodeIgniter.php(499): CodeIgniter\CodeIgniter->runController(Object(App\Controllers\Biodata))
 4 SYSTEMPATH\CodeIgniter.php(368): CodeIgniter\CodeIgniter->handleRequest(null, Object(Config\Cache), false)
 5 FCPATH\index.php(67): CodeIgniter\CodeIgniter->run()
 6 SYSTEMPATH\Commands\Server\rewrite.php(47): require_once('FCPATH\\index.php')
CRITICAL - 2023-02-07 00:29:15 --> Undefined variable $result
in APPPATH\Controllers\Biodata.php on line 126.
 1 APPPATH\Controllers\Biodata.php(126): CodeIgniter\Debug\Exceptions->errorHandler(2, 'Undefined variable $result', 'APPPATH\\Controllers\\Biodata.php', 126)
 2 SYSTEMPATH\CodeIgniter.php(934): App\Controllers\Biodata->add_pendidikan()
 3 SYSTEMPATH\CodeIgniter.php(499): CodeIgniter\CodeIgniter->runController(Object(App\Controllers\Biodata))
 4 SYSTEMPATH\CodeIgniter.php(368): CodeIgniter\CodeIgniter->handleRequest(null, Object(Config\Cache), false)
 5 FCPATH\index.php(67): CodeIgniter\CodeIgniter->run()
 6 SYSTEMPATH\Commands\Server\rewrite.php(47): require_once('FCPATH\\index.php')
CRITICAL - 2023-02-07 00:29:21 --> Undefined variable $result
in APPPATH\Controllers\Biodata.php on line 126.
 1 APPPATH\Controllers\Biodata.php(126): CodeIgniter\Debug\Exceptions->errorHandler(2, 'Undefined variable $result', 'APPPATH\\Controllers\\Biodata.php', 126)
 2 SYSTEMPATH\CodeIgniter.php(934): App\Controllers\Biodata->add_pendidikan()
 3 SYSTEMPATH\CodeIgniter.php(499): CodeIgniter\CodeIgniter->runController(Object(App\Controllers\Biodata))
 4 SYSTEMPATH\CodeIgniter.php(368): CodeIgniter\CodeIgniter->handleRequest(null, Object(Config\Cache), false)
 5 FCPATH\index.php(67): CodeIgniter\CodeIgniter->run()
 6 SYSTEMPATH\Commands\Server\rewrite.php(47): require_once('FCPATH\\index.php')
CRITICAL - 2023-02-07 00:29:29 --> Undefined variable $result
in APPPATH\Controllers\Biodata.php on line 126.
 1 APPPATH\Controllers\Biodata.php(126): CodeIgniter\Debug\Exceptions->errorHandler(2, 'Undefined variable $result', 'APPPATH\\Controllers\\Biodata.php', 126)
 2 SYSTEMPATH\CodeIgniter.php(934): App\Controllers\Biodata->add_pendidikan()
 3 SYSTEMPATH\CodeIgniter.php(499): CodeIgniter\CodeIgniter->runController(Object(App\Controllers\Biodata))
 4 SYSTEMPATH\CodeIgniter.php(368): CodeIgniter\CodeIgniter->handleRequest(null, Object(Config\Cache), false)
 5 FCPATH\index.php(67): CodeIgniter\CodeIgniter->run()
 6 SYSTEMPATH\Commands\Server\rewrite.php(47): require_once('FCPATH\\index.php')
CRITICAL - 2023-02-07 00:29:33 --> Undefined variable $result
in APPPATH\Controllers\Biodata.php on line 126.
 1 APPPATH\Controllers\Biodata.php(126): CodeIgniter\Debug\Exceptions->errorHandler(2, 'Undefined variable $result', 'APPPATH\\Controllers\\Biodata.php', 126)
 2 SYSTEMPATH\CodeIgniter.php(934): App\Controllers\Biodata->add_pendidikan()
 3 SYSTEMPATH\CodeIgniter.php(499): CodeIgniter\CodeIgniter->runController(Object(App\Controllers\Biodata))
 4 SYSTEMPATH\CodeIgniter.php(368): CodeIgniter\CodeIgniter->handleRequest(null, Object(Config\Cache), false)
 5 FCPATH\index.php(67): CodeIgniter\CodeIgniter->run()
 6 SYSTEMPATH\Commands\Server\rewrite.php(47): require_once('FCPATH\\index.php')
CRITICAL - 2023-02-07 00:29:43 --> Array callback must have exactly two elements
in APPPATH\Controllers\Biodata.php on line 106.
 1 SYSTEMPATH\CodeIgniter.php(934): App\Controllers\Biodata->add_pendidikan()
 2 SYSTEMPATH\CodeIgniter.php(499): CodeIgniter\CodeIgniter->runController(Object(App\Controllers\Biodata))
 3 SYSTEMPATH\CodeIgniter.php(368): CodeIgniter\CodeIgniter->handleRequest(null, Object(Config\Cache), false)
 4 FCPATH\index.php(67): CodeIgniter\CodeIgniter->run()
 5 SYSTEMPATH\Commands\Server\rewrite.php(47): require_once('FCPATH\\index.php')
CRITICAL - 2023-02-07 00:30:00 --> Array callback must have exactly two elements
in APPPATH\Controllers\Biodata.php on line 106.
 1 SYSTEMPATH\CodeIgniter.php(934): App\Controllers\Biodata->add_pendidikan()
 2 SYSTEMPATH\CodeIgniter.php(499): CodeIgniter\CodeIgniter->runController(Object(App\Controllers\Biodata))
 3 SYSTEMPATH\CodeIgniter.php(368): CodeIgniter\CodeIgniter->handleRequest(null, Object(Config\Cache), false)
 4 FCPATH\index.php(67): CodeIgniter\CodeIgniter->run()
 5 SYSTEMPATH\Commands\Server\rewrite.php(47): require_once('FCPATH\\index.php')
CRITICAL - 2023-02-07 00:30:25 --> Array callback must have exactly two elements
in APPPATH\Controllers\Biodata.php on line 106.
 1 SYSTEMPATH\CodeIgniter.php(934): App\Controllers\Biodata->add_pendidikan()
 2 SYSTEMPATH\CodeIgniter.php(499): CodeIgniter\CodeIgniter->runController(Object(App\Controllers\Biodata))
 3 SYSTEMPATH\CodeIgniter.php(368): CodeIgniter\CodeIgniter->handleRequest(null, Object(Config\Cache), false)
 4 FCPATH\index.php(67): CodeIgniter\CodeIgniter->run()
 5 SYSTEMPATH\Commands\Server\rewrite.php(47): require_once('FCPATH\\index.php')
INFO - 2023-02-07 00:30:29 --> Session: Class initialized using 'CodeIgniter\Session\Handlers\FileHandler' driver.
CRITICAL - 2023-02-07 00:30:39 --> Array callback must have exactly two elements
in APPPATH\Controllers\Biodata.php on line 106.
 1 SYSTEMPATH\CodeIgniter.php(934): App\Controllers\Biodata->add_pendidikan()
 2 SYSTEMPATH\CodeIgniter.php(499): CodeIgniter\CodeIgniter->runController(Object(App\Controllers\Biodata))
 3 SYSTEMPATH\CodeIgniter.php(368): CodeIgniter\CodeIgniter->handleRequest(null, Object(Config\Cache), false)
 4 FCPATH\index.php(67): CodeIgniter\CodeIgniter->run()
 5 SYSTEMPATH\Commands\Server\rewrite.php(47): require_once('FCPATH\\index.php')
CRITICAL - 2023-02-07 00:30:54 --> Array callback must have exactly two elements
in APPPATH\Controllers\Biodata.php on line 106.
 1 SYSTEMPATH\CodeIgniter.php(934): App\Controllers\Biodata->add_pendidikan()
 2 SYSTEMPATH\CodeIgniter.php(499): CodeIgniter\CodeIgniter->runController(Object(App\Controllers\Biodata))
 3 SYSTEMPATH\CodeIgniter.php(368): CodeIgniter\CodeIgniter->handleRequest(null, Object(Config\Cache), false)
 4 FCPATH\index.php(67): CodeIgniter\CodeIgniter->run()
 5 SYSTEMPATH\Commands\Server\rewrite.php(47): require_once('FCPATH\\index.php')
